c:\vm\shared_folder\payloads\main\main\x64\release\vc145.pdb
c:\vm\shared_folder\payloads\main\main\x64\release\peb.obj
c:\vm\shared_folder\payloads\main\main\x64\release\main.obj
c:\vm\shared_folder\payloads\main\main\x64\release\hardwarebreakpoint.obj
c:\vm\shared_folder\payloads\main\main\x64\release\main.res
c:\vm\shared_folder\payloads\main\main\x64\release\hardwarebreakpoint.ipdb
c:\vm\shared_folder\payloads\main\main\x64\release\hardwarebreakpoint.iobj
c:\vm\shared_folder\payloads\main\main\x64\release\tools.obj
c:\vm\shared_folder\payloads\main\main\x64\release\main.ipdb
c:\vm\shared_folder\payloads\main\main\x64\release\main.iobj
c:\vm\shared_folder\payloads\main\x64\release\hardwarebreakpoint.pdb
c:\vm\shared_folder\payloads\main\x64\release\hardwarebreakpoint.dll
c:\vm\shared_folder\payloads\main\main\x64\release\hardware.44a2d8a1.tlog\cl.command.1.tlog
c:\vm\shared_folder\payloads\main\main\x64\release\hardware.44a2d8a1.tlog\cl.items.tlog
c:\vm\shared_folder\payloads\main\main\x64\release\hardware.44a2d8a1.tlog\cl.read.1.tlog
c:\vm\shared_folder\payloads\main\main\x64\release\hardware.44a2d8a1.tlog\cl.write.1.tlog
c:\vm\shared_folder\payloads\main\main\x64\release\hardware.44a2d8a1.tlog\link.command.1.tlog
c:\vm\shared_folder\payloads\main\main\x64\release\hardware.44a2d8a1.tlog\link.read.1.tlog
c:\vm\shared_folder\payloads\main\main\x64\release\hardware.44a2d8a1.tlog\link.secondary.1.tlog
c:\vm\shared_folder\payloads\main\main\x64\release\hardware.44a2d8a1.tlog\link.write.1.tlog
c:\vm\shared_folder\payloads\main\main\x64\release\hardware.44a2d8a1.tlog\rc.command.1.tlog
c:\vm\shared_folder\payloads\main\main\x64\release\hardware.44a2d8a1.tlog\rc.read.1.tlog
c:\vm\shared_folder\payloads\main\main\x64\release\hardware.44a2d8a1.tlog\rc.write.1.tlog
